  syn.cpp
c:\users\yang_\documents\visual studio 2015\projects\compiler\compiler\syn.cpp(30): warning C4459: “name”的声明隐藏了全局声明
  c:\users\yang_\documents\visual studio 2015\projects\compiler\compiler\syn.cpp(17): note: 参见“name”的声明
c:\users\yang_\documents\visual studio 2015\projects\compiler\compiler\syn.cpp(30): warning C4459: “kind”的声明隐藏了全局声明
  c:\users\yang_\documents\visual studio 2015\projects\compiler\compiler\syn.cpp(11): note: 参见“kind”的声明
c:\users\yang_\documents\visual studio 2015\projects\compiler\compiler\syn.cpp(30): warning C4459: “value”的声明隐藏了全局声明
  c:\users\yang_\documents\visual studio 2015\projects\compiler\compiler\syn.cpp(8): note: 参见“value”的声明
c:\users\yang_\documents\visual studio 2015\projects\compiler\compiler\syn.cpp(30): warning C4459: “address”的声明隐藏了全局声明
  c:\users\yang_\documents\visual studio 2015\projects\compiler\compiler\syn.cpp(9): note: 参见“address”的声明
c:\users\yang_\documents\visual studio 2015\projects\compiler\compiler\syn.cpp(30): warning C4459: “paranum”的声明隐藏了全局声明
  c:\users\yang_\documents\visual studio 2015\projects\compiler\compiler\syn.cpp(10): note: 参见“paranum”的声明
c:\users\yang_\documents\visual studio 2015\projects\compiler\compiler\syn.cpp(99): warning C4459: “name”的声明隐藏了全局声明
  c:\users\yang_\documents\visual studio 2015\projects\compiler\compiler\syn.cpp(17): note: 参见“name”的声明
c:\users\yang_\documents\visual studio 2015\projects\compiler\compiler\syn.cpp(99): warning C4100: “flag2”: 未引用的形参
c:\users\yang_\documents\visual studio 2015\projects\compiler\compiler\syn.cpp(140): warning C4459: “name”的声明隐藏了全局声明
  c:\users\yang_\documents\visual studio 2015\projects\compiler\compiler\syn.cpp(17): note: 参见“name”的声明
c:\users\yang_\documents\visual studio 2015\projects\compiler\compiler\syn.cpp(199): warning C4244: “初始化”: 从“int”转换到“char”，可能丢失数据
c:\users\yang_\documents\visual studio 2015\projects\compiler\compiler\syn.cpp(1050): warning C4189: “presym”: 局部变量已初始化但不引用
c:\users\yang_\documents\visual studio 2015\projects\compiler\compiler\syn.cpp(1072): warning C4189: “presym”: 局部变量已初始化但不引用
  Compiler.vcxproj -> C:\Users\yang_\Documents\Visual Studio 2015\Projects\Compiler\Debug\Compiler.exe
